<?xml version="1.0" encoding="UTF-8"?>
<testsuite xmlns:xsi="http://www.w3.org/2001/XMLSchema-instance" xsi:noNamespaceSchemaLocation="https://maven.apache.org/surefire/maven-surefire-plugin/xsd/surefire-test-report-3.0.xsd" version="3.0" name="TestSuite" time="25.831" tests="2" errors="0" skipped="0" failures="0">
  <properties>
[...]
</properties>
  <testcase name="getAPIDemoTest" classname="com.toorak.tests.GetAPIDemoTest" time="1.457">
    <system-err><![CDATA[SLF4J: Failed to load class "org.slf4j.impl.StaticLoggerBinder".
SLF4J: Defaulting to no-operation (NOP) logger implementation
SLF4J: See http://www.slf4j.org/codes.html#StaticLoggerBinder for further details.
]]></system-err>
  </testcase>
  <testcase name="loginAddToCartLogoutTest[standard_user, secret_sauce, Products](1)" classname="com.toorak.tests.LoginAddToCartLogoutTest" time="7.822">
    <system-out><![CDATA[Accessing file :D:\work_space\toorak_demo\testdata\Automation_Test_Input_Data.xls
Accessing sheet :demo
Looking for prefix :loginAddToCartLogoutTest
Sauce Labs Backpack
$29.99
]]></system-out>
  </testcase>
</testsuite>