<?xml version="1.0" encoding="UTF-8"?>
<testng-results ignored="0" total="2" passed="2" failed="0" skipped="0">
  <reporter-output>
    <line>
      <![CDATA[browser launched using https://www.saucedemo.com/]]>
    </line>
    <line>
      <![CDATA[The Status Code200]]>
    </line>
    <line>
      <![CDATA[The Title of the Product Page ::Products]]>
    </line>
    <line>
      <![CDATA[the first product name::::Sauce Labs Backpack]]>
    </line>
    <line>
      <![CDATA[the first product price::::$29.99]]>
    </line>
  </reporter-output>
  <suite started-at="2024-09-24T19:04:28 IST" name="Surefire suite" finished-at="2024-09-24T19:04:53 IST" duration-ms="24645">
    <groups>
    </groups>
    <test started-at="2024-09-24T19:04:28 IST" name="Surefire test" finished-at="2024-09-24T19:04:53 IST" duration-ms="24645">
      <class name="com.toorak.tests.LoginAddToCartLogoutTest">
        <test-method is-config="true" signature="setUp()[pri:0, instance:com.toorak.tests.LoginAddToCartLogoutTest@7ea37dbf]" started-at="2024-09-24T19:04:28 IST" name="setUp" finished-at="2024-09-24T19:04:43 IST" duration-ms="14839" status="PASS">
          <reporter-output>
            <line>
              <![CDATA[browser launched using https://www.saucedemo.com/]]>
            </line>
          </reporter-output>
        </test-method> <!-- setUp -->
        <test-method signature="loginAddToCartLogoutTest(java.lang.String,java.lang.String,java.lang.String)[pri:0, instance:com.toorak.tests.LoginAddToCartLogoutTest@7ea37dbf]" started-at="2024-09-24T19:04:45 IST" name="loginAddToCartLogoutTest" data-provider="loginAddToCartLogoutTest" finished-at="2024-09-24T19:04:53 IST" duration-ms="7875" status="PASS">
          <params>
            <param index="0">
              <value>
                <![CDATA[standard_user]]>
              </value>
            </param>
            <param index="1">
              <value>
                <![CDATA[secret_sauce]]>
              </value>
            </param>
            <param index="2">
              <value>
                <![CDATA[Products]]>
              </value>
            </param>
          </params>
          <reporter-output>
            <line>
              <![CDATA[The Title of the Product Page ::Products]]>
            </line>
            <line>
              <![CDATA[the first product name::::Sauce Labs Backpack]]>
            </line>
            <line>
              <![CDATA[the first product price::::$29.99]]>
            </line>
          </reporter-output>
        </test-method> <!-- loginAddToCartLogoutTest -->
        <test-method is-config="true" signature="tearDown()[pri:0, instance:com.toorak.tests.LoginAddToCartLogoutTest@7ea37dbf]" started-at="2024-09-24T19:04:53 IST" name="tearDown" finished-at="2024-09-24T19:04:53 IST" duration-ms="48" status="PASS">
          <reporter-output>
          </reporter-output>
        </test-method> <!-- tearDown -->
      </class> <!-- com.toorak.tests.LoginAddToCartLogoutTest -->
      <class name="com.toorak.tests.GetAPIDemoTest">
        <test-method signature="getAPIDemoTest()[pri:0, instance:com.toorak.tests.GetAPIDemoTest@48524010]" started-at="2024-09-24T19:04:43 IST" name="getAPIDemoTest" finished-at="2024-09-24T19:04:45 IST" duration-ms="1457" status="PASS">
          <reporter-output>
            <line>
              <![CDATA[The Status Code200]]>
            </line>
          </reporter-output>
        </test-method> <!-- getAPIDemoTest -->
      </class> <!-- com.toorak.tests.GetAPIDemoTest -->
    </test> <!-- Surefire test -->
  </suite> <!-- Surefire suite -->
</testng-results>
