<?xml version="1.0" encoding="UTF-8"?>
<testng-results ignored="0" total="2" passed="2" failed="0" skipped="0">
  <reporter-output>
    <line>
      <![CDATA[browser launched using https://www.saucedemo.com/]]>
    </line>
    <line>
      <![CDATA[The Title of the Product Page ::Products]]>
    </line>
    <line>
      <![CDATA[the first product name::::Sauce Labs Backpack]]>
    </line>
    <line>
      <![CDATA[the first product price::::$29.99]]>
    </line>
    <line>
      <![CDATA[The Status Code200]]>
    </line>
  </reporter-output>
  <suite started-at="2024-09-24T19:12:26 IST" name="DemoSuite" finished-at="2024-09-24T19:12:41 IST" duration-ms="14543">
    <groups>
    </groups>
    <test started-at="2024-09-24T19:12:26 IST" name="Test" finished-at="2024-09-24T19:12:41 IST" duration-ms="14543">
      <class name="com.toorak.tests.LoginAddToCartLogoutTest">
        <test-method is-config="true" signature="setUp()[pri:0, instance:com.toorak.tests.LoginAddToCartLogoutTest@5454d35e]" started-at="2024-09-24T19:12:26 IST" name="setUp" finished-at="2024-09-24T19:12:32 IST" duration-ms="5727" status="PASS">
          <reporter-output>
            <line>
              <![CDATA[browser launched using https://www.saucedemo.com/]]>
            </line>
          </reporter-output>
        </test-method> <!-- setUp -->
        <test-method signature="loginAddToCartLogoutTest(java.lang.String, java.lang.String, java.lang.String)[pri:0, instance:com.toorak.tests.LoginAddToCartLogoutTest@5454d35e]" started-at="2024-09-24T19:12:32 IST" name="loginAddToCartLogoutTest" data-provider="loginAddToCartLogoutTest" finished-at="2024-09-24T19:12:40 IST" duration-ms="7690" status="PASS">
          <params>
            <param index="0">
              <value>
                <![CDATA[standard_user]]>
              </value>
            </param>
            <param index="1">
              <value>
                <![CDATA[secret_sauce]]>
              </value>
            </param>
            <param index="2">
              <value>
                <![CDATA[Products]]>
              </value>
            </param>
          </params>
          <reporter-output>
            <line>
              <![CDATA[The Title of the Product Page ::Products]]>
            </line>
            <line>
              <![CDATA[the first product name::::Sauce Labs Backpack]]>
            </line>
            <line>
              <![CDATA[the first product price::::$29.99]]>
            </line>
          </reporter-output>
        </test-method> <!-- loginAddToCartLogoutTest -->
        <test-method is-config="true" signature="tearDown()[pri:0, instance:com.toorak.tests.LoginAddToCartLogoutTest@5454d35e]" started-at="2024-09-24T19:12:40 IST" name="tearDown" finished-at="2024-09-24T19:12:40 IST" duration-ms="27" status="PASS">
          <reporter-output>
          </reporter-output>
        </test-method> <!-- tearDown -->
      </class> <!-- com.toorak.tests.LoginAddToCartLogoutTest -->
      <class name="com.toorak.tests.GetAPIDemoTest">
        <test-method signature="getAPIDemoTest()[pri:0, instance:com.toorak.tests.GetAPIDemoTest@20c0a64d]" started-at="2024-09-24T19:12:40 IST" name="getAPIDemoTest" finished-at="2024-09-24T19:12:41 IST" duration-ms="835" status="PASS">
          <reporter-output>
            <line>
              <![CDATA[The Status Code200]]>
            </line>
          </reporter-output>
        </test-method> <!-- getAPIDemoTest -->
      </class> <!-- com.toorak.tests.GetAPIDemoTest -->
    </test> <!-- Test -->
  </suite> <!-- DemoSuite -->
</testng-results>
